22:54:50.099 [sbt-bg-threads-1] INFO  GenerateLogData$ - Log data generator started...
22:54:51.796 [scala-execution-context-global-151] WARN  HelperUtils.Parameters$ - s%]s,+2k|D}K7b/XCwG&@7HDPR8z
22:54:53.522 [scala-execution-context-global-151] INFO  HelperUtils.Parameters$ - ;kNI&V%v<c#eSDK@lPY(
22:54:55.217 [scala-execution-context-global-151] INFO  HelperUtils.Parameters$ - l9]|92!uHUQ/IVcz~(;.Uz%K*5jTUd08
22:55:04.421 [scala-execution-context-global-151] INFO  HelperUtils.Parameters$ - G3sw7^U<^q^Cl!aMTDbNz<:$;?e<.0JD_'
22:55:13.462 [scala-execution-context-global-151] WARN  HelperUtils.Parameters$ - A><YFqpg+~"E1T
22:55:22.544 [scala-execution-context-global-151] DEBUG HelperUtils.Parameters$ - JrQB;P0"&+6;&Dk-
22:55:24.332 [scala-execution-context-global-151] INFO  HelperUtils.Parameters$ - OsI1`qAeU5H;\+
22:55:26.901 [scala-execution-context-global-151] INFO  HelperUtils.Parameters$ - [h!Q9PEY>L(NpKLBO"Gjo:=4kRXQ_tZ!
22:55:36.544 [scala-execution-context-global-151] INFO  HelperUtils.Parameters$ - B?y&C"C5rsb:2037;f&|vM#x?z|Ny|&<44Z8B&rF1#&M
22:55:40.844 [scala-execution-context-global-151] WARN  HelperUtils.Parameters$ - x2oBSI0/\%CdfV2%ChSsnZ7vJo=2qJqZ%."kbc!0ne`y&m
22:55:47.665 [scala-execution-context-global-151] ERROR HelperUtils.Parameters$ - ihu}!A2]*07}|,lc
22:55:50.356 [scala-execution-context-global-151] INFO  HelperUtils.Parameters$ - CC]>~R#,^#0JWyESarZdETDcvk)Yk'I?
22:55:53.703 [scala-execution-context-global-151] WARN  HelperUtils.Parameters$ - Swq;g+6M:?820=Gmd#.p)sFaqoKc^mm](.A8Z-4-].tp|cfR\~rc(m^{
22:56:01.340 [scala-execution-context-global-151] INFO  HelperUtils.Parameters$ - zXK=Fze%-6Iv-^q{zhG|EUzvd);tOj-:
22:56:06.769 [scala-execution-context-global-151] INFO  HelperUtils.Parameters$ - ^<A>61@{3[KEk@M/Xh-q%sco3Dkwq~
22:56:15.694 [scala-execution-context-global-151] WARN  HelperUtils.Parameters$ - Bv^B8Re'$VG)[P".g*?f<G\l5n.18B|i<E&rgPQZ;wBeA{4O/fy+Pp
22:56:24.125 [scala-execution-context-global-151] WARN  HelperUtils.Parameters$ - k1H+R#/%d0>Q>N:6\enT]U
22:56:26.536 [scala-execution-context-global-151] INFO  HelperUtils.Parameters$ - 8G;,3m_T`G#H]&Yh:Ei1%fp''5`D5kU8iM8hG9nag1be1bf3ag1be0%<Bqz8fMm#{JWqMdoc_2N/|wf8]
22:56:28.182 [scala-execution-context-global-151] DEBUG HelperUtils.Parameters$ - oVs]C4lqXv;7\DU\u!0xKe0qGm~z_3
22:56:35.565 [scala-execution-context-global-151] WARN  HelperUtils.Parameters$ - -%b,|p]M21d83z*z]\4<n!`_Fte53Uj:x8pN'`2k7+L|M"dca?y,tD.s
22:56:40.935 [scala-execution-context-global-151] INFO  HelperUtils.Parameters$ - -%_2T?$;:u<=
22:56:49.443 [scala-execution-context-global-151] DEBUG HelperUtils.Parameters$ - U%;2[o^9_7<:[3+8Ab:=DC@YH3Bb)<\{H.X@SYcnKNwu6IT`Rg@5
22:56:50.445 [sbt-bg-threads-1] INFO  GenerateLogData$ - Log data generation has completed within the allocated time, 2 minutes
