10:23:35.032 [main] INFO  GenerateLogData$ - Log data generator started...
10:23:41.530 [scala-execution-context-global-16] WARN  HelperUtils.Parameters$ - s%]s,+2k|D}K7b/XCwG&@7HDPR8z
10:23:46.806 [scala-execution-context-global-16] INFO  HelperUtils.Parameters$ - ;kNI&V%v<c#eSDK@lPY(
10:23:52.756 [scala-execution-context-global-16] INFO  HelperUtils.Parameters$ - l9]|92!uHUQ/IVcz~(;.Uz%K*5jTUd08
10:24:00.951 [scala-execution-context-global-16] INFO  HelperUtils.Parameters$ - G3sw7^U<^q^Cl!aMTDbNz<:$;?e<.0JD_'
10:24:03.660 [scala-execution-context-global-16] WARN  HelperUtils.Parameters$ - A><YFqpg+~"E1T
10:24:10.094 [scala-execution-context-global-16] DEBUG HelperUtils.Parameters$ - JrQB;P0"&+6;&Dk-
10:24:15.356 [scala-execution-context-global-16] INFO  HelperUtils.Parameters$ - OsI1`qAeU5H;\+
10:24:17.087 [scala-execution-context-global-16] INFO  HelperUtils.Parameters$ - [h!Q9PEY>L(NpKLBO"Gjo:=4kRXQ_tZ!
10:24:24.892 [scala-execution-context-global-16] INFO  HelperUtils.Parameters$ - B?y&C"C5rsb:2037;f&|vM#x?z|Ny|&<44Z8B&rF1#&M
10:24:28.359 [scala-execution-context-global-16] WARN  HelperUtils.Parameters$ - x2oBSI0/\%CdfV2%ChSsnZ7vJo=2qJqZ%."kbc!0ne`y&m
10:24:37.085 [scala-execution-context-global-16] ERROR HelperUtils.Parameters$ - ihu}!A2]*07}|,lc
10:24:42.790 [scala-execution-context-global-16] INFO  HelperUtils.Parameters$ - CC]>~R#,^#0JWyESarZdETDcvk)Yk'I?
10:24:49.485 [scala-execution-context-global-16] WARN  HelperUtils.Parameters$ - Swq;g+6M:?820=Gmd#.p)sFaqoKc^mm](.A8Z-4-].tp|cfR\~rc(m^{
10:24:52.337 [scala-execution-context-global-16] INFO  HelperUtils.Parameters$ - zXK=Fze%-6Iv-^q{zhG|EUzvd);tOj-:
10:24:55.370 [scala-execution-context-global-16] INFO  HelperUtils.Parameters$ - ^<A>61@{3[KEk@M/Xh-q%sco3Dkwq~
10:24:57.583 [scala-execution-context-global-16] WARN  HelperUtils.Parameters$ - Bv^B8Re'$VG)[P".g*?f<G\l5n.18B|i<E&rgPQZ;wBeA{4O/fy+Pp
10:25:07.396 [scala-execution-context-global-16] WARN  HelperUtils.Parameters$ - k1H+R#/%d0>Q>N:6\enT]U
10:25:16.158 [scala-execution-context-global-16] INFO  HelperUtils.Parameters$ - 8G;,3m_T`G#H]&Yh:Ei1%fp''5`V8fD8rag0Y8vR6pag2bf3af0J7uce2Y9q%<Bqz8fMm#{JWqMdoc_2N/|wf8]
10:25:20.766 [scala-execution-context-global-16] DEBUG HelperUtils.Parameters$ - w+[Ij3*"tbJ289k(+Q<mGU_YlK
10:25:30.338 [scala-execution-context-global-16] WARN  HelperUtils.Parameters$ - qE0{q3n2ytLNWlZKXx5I0TBI$O&Bd1FVwOidVZi+a5\(UvOsoE
10:25:35.790 [scala-execution-context-global-16] INFO  HelperUtils.Parameters$ - UV?;)a=GxY[<tAf+A8!0;:_W?,:x00AjcbJ2C1a?
10:25:39.045 [scala-execution-context-global-16] DEBUG HelperUtils.Parameters$ - XK(;Y3,I[zdg9mUrR&
10:25:45.012 [scala-execution-context-global-16] INFO  HelperUtils.Parameters$ - 'kw/suIdB4qqc)z9g{L6ncf3G6kT9jaf1C9j5s[G0b9,\Y;j7R|2Tr
10:25:46.619 [scala-execution-context-global-16] INFO  HelperUtils.Parameters$ - ?$[tH(yhL_ShMx_U[Oo]'a^"O!>BEESJNu
10:25:49.488 [scala-execution-context-global-16] INFO  HelperUtils.Parameters$ - s;S%s7h@&LZ53*q5YWM>'G
10:25:53.330 [scala-execution-context-global-16] INFO  HelperUtils.Parameters$ - /aq;jY+q^#\~'()nO~]Z(5vejimO?Einv%+y}e>e@^=>
10:25:55.720 [scala-execution-context-global-16] WARN  HelperUtils.Parameters$ - Es2KQHPX(aiJ?L!W
10:26:01.649 [scala-execution-context-global-16] INFO  HelperUtils.Parameters$ - r<8;+b{q6>wyp<]f>y-`xo^^Hg(,5PGt7Wu%2iI$x-}Rh\jeZl
10:26:06.964 [scala-execution-context-global-16] INFO  HelperUtils.Parameters$ - IWdn8@>)\BE.]}CW>8O\W2lr97~I
10:26:12.868 [scala-execution-context-global-16] WARN  HelperUtils.Parameters$ - aUL:anZkx}cy([@k@K0Ev5{kld,l
10:26:17.506 [scala-execution-context-global-16] ERROR HelperUtils.Parameters$ - "qX>9d/~[FT$<#cSaJ4DD_hdzAlWx+).[AL`
10:26:26.472 [scala-execution-context-global-16] WARN  HelperUtils.Parameters$ - $#DJ'h,D/@'x+;x"NJ2j32.3k&T!
10:26:34.310 [scala-execution-context-global-16] WARN  HelperUtils.Parameters$ - `';ddCH_K-3u"%smf-IpM2
10:26:41.430 [scala-execution-context-global-16] INFO  HelperUtils.Parameters$ - _Kv#)[/C~|p(1!n>/ZiZpcWzuCYqk9}=d~&2laHoV@e\l93J
10:26:50.307 [scala-execution-context-global-16] INFO  HelperUtils.Parameters$ - 31SiR~49`J$$uJ{TL3j?aN~j=Ag(
10:26:56.025 [scala-execution-context-global-16] INFO  HelperUtils.Parameters$ - kS-8@-yB%PVIM#*w(q}AD)ERi')sYE}#Ho
10:27:03.303 [scala-execution-context-global-16] WARN  HelperUtils.Parameters$ - i=,G0{zMYXS$1fol*B5!HLX1vPOD
10:27:07.552 [scala-execution-context-global-16] WARN  HelperUtils.Parameters$ - 60{(&{TuD@Lp$9&tG"g63PEzRI4w@=V#X&N(]4&Y#*h{s_FPC3N2
10:27:12.693 [scala-execution-context-global-16] DEBUG HelperUtils.Parameters$ - |ZBn]P|.M\q_}Ww0pT'lgbe2P6oae0I9hce2K5mA8ibg2F8kYGU{u_bV">)!11)sbIIm6
10:27:22.679 [scala-execution-context-global-16] INFO  HelperUtils.Parameters$ - =`oGT4-VF\EoW?LX$H-Q|'iEg"tAGX
10:27:26.688 [scala-execution-context-global-16] WARN  HelperUtils.Parameters$ - 9+geC|d"5#3$L2GB+"@.FPlmk|J5rP8nce0be1be2ae3ECbcHWci]gY;1i#&W[e_jfy;wb
10:27:31.979 [scala-execution-context-global-16] INFO  HelperUtils.Parameters$ - 'Pq"$$8LTBnoI,vf`;
10:27:37.452 [scala-execution-context-global-16] INFO  HelperUtils.Parameters$ - @.3<pKhb$XJi%JTs
10:27:38.711 [scala-execution-context-global-16] INFO  HelperUtils.Parameters$ - hSYw`f`!3f_Tq1Jk]zY_47-&NLU\5+ZNF>_K/Gk71]&q0@`&f23+<q
10:27:47.559 [scala-execution-context-global-16] DEBUG HelperUtils.Parameters$ - CLR1FFETuqXxtR{n0!UI[jIi_<66&enVkVAiJSzW
10:27:54.465 [scala-execution-context-global-16] WARN  HelperUtils.Parameters$ - p:NSK%z<S{7X4L-)|BxNH\"\}zb9)lJ;HG|c*K
10:28:03.582 [scala-execution-context-global-16] INFO  HelperUtils.Parameters$ - fI?R>_=G`9bI+Id>ebtRCF]gEBq"mc&R^:,pX">q{82#uY:IIUYy6:H)K/nL
10:28:12.050 [scala-execution-context-global-16] INFO  HelperUtils.Parameters$ - <c2Sxn8Y)c!^6KHyFI<|'aao$qs%BMjYZG=$/LJZ5]G)W;zRP@n^TppFo-
10:28:16.556 [scala-execution-context-global-16] INFO  HelperUtils.Parameters$ - .ex8{c33DW?`er{z)|uYLeu`GF.LV_
10:28:22.348 [scala-execution-context-global-16] INFO  HelperUtils.Parameters$ - oY10H^Qa+{v?W'h.:f7Q-e+*CsJuZM}Xc8wG:[P6b~AG.cdRn&0<Q+
10:28:30.417 [scala-execution-context-global-16] INFO  HelperUtils.Parameters$ - nF|Z8qxQM'0]+oB@AqpQ+TNuu5Qb=&,jY^,g
10:28:36.932 [scala-execution-context-global-16] INFO  HelperUtils.Parameters$ - O.^aXI^^jz~g
10:28:39.090 [scala-execution-context-global-16] INFO  HelperUtils.Parameters$ - 6(:J6q]V3_qj?dpf/qe"M6K*Pm"+V8
10:28:46.993 [scala-execution-context-global-16] INFO  HelperUtils.Parameters$ - k3BSL2r`yldyJwn|e5_St\
10:28:50.829 [scala-execution-context-global-16] WARN  HelperUtils.Parameters$ - @sS.Es3}tricAn#[S6%.1h(+5|?je1KL
10:28:58.854 [scala-execution-context-global-16] WARN  HelperUtils.Parameters$ - o_.KgRgr$^bj=Ai=#*6ohs
10:29:06.058 [scala-execution-context-global-16] INFO  HelperUtils.Parameters$ - nV*g4D0'4uJ-8L/vyxmpAp(L/#(\~788{WO;O*^Q9[I(2V@=%r=[lUR-
10:29:09.690 [scala-execution-context-global-16] INFO  HelperUtils.Parameters$ - 3V1Gr7w^|o<,qw-*
10:29:11.338 [scala-execution-context-global-16] WARN  HelperUtils.Parameters$ - mc`#pO{-/c~hKNjXi[*"
10:29:14.566 [scala-execution-context-global-16] WARN  HelperUtils.Parameters$ - (Q$nFn59Dlr;5`Sw!>e\j0+k
10:29:22.560 [scala-execution-context-global-16] INFO  HelperUtils.Parameters$ - gp+-%Qy(/XB'3k[ez[IK4#P>
10:29:26.806 [scala-execution-context-global-16] INFO  HelperUtils.Parameters$ - P9Od[T$]7KOB2QtoUX*Dk)n;
10:29:28.325 [scala-execution-context-global-16] INFO  HelperUtils.Parameters$ - 8u1@=s25s6p#d.LT&sDW;qsJBgM#c1SYK7^z0F
10:29:35.896 [scala-execution-context-global-16] DEBUG HelperUtils.Parameters$ - dda:dyT7,`D-=<\-Sk?Pa9;?Zh6lvCtF3&ZF]L(9Cy
10:29:43.570 [scala-execution-context-global-16] INFO  HelperUtils.Parameters$ - `%MZ-R_$.^:"MKkW]#}}Q|E\CxH>;XOoah!Y
10:29:47.326 [scala-execution-context-global-16] INFO  HelperUtils.Parameters$ - XVK%MhbOuj\C^O>fcQPEX[-=Zu7nWVe${&08:G@Dr\8y9/iIn6_H>,_QU2
10:29:52.598 [scala-execution-context-global-16] INFO  HelperUtils.Parameters$ - U0-mN3^jY@%8kRr4Q4Zb_Gfm^]<|^mAC+|=NiR
10:29:58.573 [scala-execution-context-global-16] INFO  HelperUtils.Parameters$ - -bA6CdG:3/g@7=mr.3W=!OBj:~#1K]!b7`:H
10:30:06.932 [scala-execution-context-global-16] INFO  HelperUtils.Parameters$ - jpV<B|6oMEnNW-GXLh2MkAq+mL7A0?3SEHTh.o@Eu^gQ
10:30:13.675 [scala-execution-context-global-16] INFO  HelperUtils.Parameters$ - &~W/mC/,[@$^
10:30:19.825 [scala-execution-context-global-16] WARN  HelperUtils.Parameters$ - 9&0T_\#XhR{T)|Dl1^?kSPFo$"it5+:3+8c>6GfN^'Dlxsd+tsnRgEJi^h
10:30:23.519 [scala-execution-context-global-16] INFO  HelperUtils.Parameters$ - LE6&@R0P+CYvMh<K#iy2UK
10:30:24.837 [scala-execution-context-global-16] WARN  HelperUtils.Parameters$ - OHS3A{<WsGvJQ)!y1odpO<W#
10:30:33.050 [scala-execution-context-global-16] INFO  HelperUtils.Parameters$ - Y5G^~Ert0'p+8(nGU,1Ml!r#y-75*&$[qu6p.QbU+U(fWZ
10:30:37.893 [scala-execution-context-global-16] INFO  HelperUtils.Parameters$ - >aP4KTw;P#sa_j}1(aZNf/`hHT/|
10:30:46.244 [scala-execution-context-global-16] INFO  HelperUtils.Parameters$ - PQ7s-r}(qu%R-Ijm6F$q`]q9H6"1mNy1$l$9uGTtawc<9u)w~|nP
10:30:52.430 [scala-execution-context-global-16] INFO  HelperUtils.Parameters$ - Y|(&Fre++LUy(-O6gt
10:30:54.129 [scala-execution-context-global-16] WARN  HelperUtils.Parameters$ - ?ga!)fY,fW:<}Si#[*K"%LWW8_1&%?i|{M:]6]gZ7QbL*~S_C;B9pQdSQA
10:30:58.635 [scala-execution-context-global-16] INFO  HelperUtils.Parameters$ - uJOwXanNj=nZ`CZ2uRfk
10:31:07.594 [scala-execution-context-global-16] INFO  HelperUtils.Parameters$ - o>Fz?|sVw!~-X/t:v-,V20unC8W<
10:31:13.693 [scala-execution-context-global-16] INFO  HelperUtils.Parameters$ - }kpCfJ.O?iOd;F6y>:G;sjY&wQNqy<@XWp&m7)NQB{_EeP!|
10:31:21.317 [scala-execution-context-global-16] INFO  HelperUtils.Parameters$ - A|t#PC01\;\.d;EA'$lIMcNxL1~W=VpWcBS;j2g*SxtK
10:31:24.376 [scala-execution-context-global-16] WARN  HelperUtils.Parameters$ - ~i|,c"}t7;-B:@!Aac
10:31:30.195 [scala-execution-context-global-16] INFO  HelperUtils.Parameters$ - QGHw6<K*kzm@F5Me2{;,&RL@2D;k8.+c{<n,DWUKhQq]Jiy(SCY)&X
10:31:33.773 [scala-execution-context-global-16] WARN  HelperUtils.Parameters$ - s4wudS'9cKUt"=fN_18T1&_,
10:31:41.377 [scala-execution-context-global-16] WARN  HelperUtils.Parameters$ - i+k4?iMWzbpO\O'LC}$t^g/7_b21KZ)y7qNnrs?AyJoI
10:31:43.994 [scala-execution-context-global-16] INFO  HelperUtils.Parameters$ - tYvi2FtbpD}.bP;ERq|37RyDN+
10:31:48.053 [scala-execution-context-global-16] INFO  HelperUtils.Parameters$ - SmLe{NXGYFObsZezxfcu7/=NT)
10:31:51.802 [scala-execution-context-global-16] INFO  HelperUtils.Parameters$ - (.:Z&G})e-Md6~,z~D+wS88c?}RStY&tzeTp#Bzk
10:31:56.022 [scala-execution-context-global-16] INFO  HelperUtils.Parameters$ - f-6k'xMv9GF9K}:+q*bL+X})(]Nm&w6/RcFNJL*{;;cr3ocrfedh
10:32:03.571 [scala-execution-context-global-16] INFO  HelperUtils.Parameters$ - Z25:k4Q8GcchWjcg3J8wG9gae0cg2*H0Vcof/m7.\a?
10:32:11.664 [scala-execution-context-global-16] INFO  HelperUtils.Parameters$ - tQoqB|7,HR.7!SHNbO#$J`M?#@cLtCcm7yXgGV7}"*@<%.VC!F,:
10:32:14.228 [scala-execution-context-global-16] INFO  HelperUtils.Parameters$ - A]ct}^4(x5]>[zM),5&EZdE;^{m'"=MQf%3nII*sN3X|
10:32:20.879 [scala-execution-context-global-16] INFO  HelperUtils.Parameters$ - 7hOcnm$zc3Z/Xse85G5W-Eu2`t8J+=*p
10:32:28.520 [scala-execution-context-global-16] WARN  HelperUtils.Parameters$ - vKTO}$r`;h'lKRc}8XVcO*"!!K5-WsDqWokH|[9v"y:R
10:32:37.645 [scala-execution-context-global-16] WARN  HelperUtils.Parameters$ - x&BMr76WY@M4ZkP%'P^n
10:32:47.376 [scala-execution-context-global-16] INFO  HelperUtils.Parameters$ - WzuhtAnd,>jWdq[(fS]IVS/p3"oRpU1Yt03@[i#CY?eAV5x\_uQe,^sH
10:32:57.223 [scala-execution-context-global-16] INFO  HelperUtils.Parameters$ - ayoWGk!"hB.Z!E3*7+bzmOt*0?t+%-PZ$L@l_,
10:33:06.924 [scala-execution-context-global-16] DEBUG HelperUtils.Parameters$ - +X<VI@go<r?tdeY?rkT*1%t8C<kQMOOZJ-27>[w\xJW)
10:33:08.050 [scala-execution-context-global-16] INFO  HelperUtils.Parameters$ - *^,`@asz17rs-%nUBPIvYlg0
10:33:13.630 [scala-execution-context-global-16] WARN  HelperUtils.Parameters$ - i.-]H8,bh)is({],7;N$GL<'!!0Lhh
10:33:15.835 [scala-execution-context-global-16] INFO  HelperUtils.Parameters$ - X45@?H"~`3?(
10:33:23.886 [scala-execution-context-global-16] DEBUG HelperUtils.Parameters$ - (gsjXV=8*lbe%)C4Ob>WMYUuapBO|LZYV],kHix?+0QS9MC]3'Pmm,
10:33:30.532 [scala-execution-context-global-16] DEBUG HelperUtils.Parameters$ - `LK-n18{^wtb."ll+kZq+Ft(!*Q's<c7sV6@
10:33:33.128 [scala-execution-context-global-16] INFO  HelperUtils.Parameters$ - 'a7beih\P*r=hIXK.3BAP7E1"XI@L(xI6or,^u}llr2HJ2}DK41z
10:33:37.324 [scala-execution-context-global-16] WARN  HelperUtils.Parameters$ - pK?QmS%N|Z"kCg!K4_rbHa;Yh--+1aa\1=d0:Yy6umifZ:g~;q5VIk@2
10:33:42.490 [scala-execution-context-global-16] INFO  HelperUtils.Parameters$ - `EZ=4Bmzhg/z
10:33:45.334 [scala-execution-context-global-16] INFO  HelperUtils.Parameters$ - K:z@)AKsS)E4,7a$K?ZZVjv3)02MZ@9qN|);Ta(ovS)fIj)bKT=+}G?C91
10:33:47.293 [scala-execution-context-global-16] INFO  HelperUtils.Parameters$ - OOB&9o36P5[R"'/I<u%@Z%\aA9h:_pu(kFeA)O.ovH*f
10:33:48.865 [scala-execution-context-global-16] INFO  HelperUtils.Parameters$ - :P7s,B<"&Ss,4f59"K7heD\gTN{vdZ_$w>#4mtgzW!;jFGn-QWI:
10:33:55.652 [scala-execution-context-global-16] WARN  HelperUtils.Parameters$ - nRC~Ee=RHJlk^!$?`6U]JSZIn}ght&.A13x}uSubE{f!DaH7t6xId[wx,sOC
10:34:03.799 [scala-execution-context-global-16] INFO  HelperUtils.Parameters$ - %JTTIAt{DR6IDmJw*Z{CS>8UqH6rzl2)LI80d}/%T"S>C*[,`NC"@"ux,'
10:34:11.459 [scala-execution-context-global-16] INFO  HelperUtils.Parameters$ - Ss~mzUezZ~&x4KT/}S`GF&zh6KrK?85kOY@~Y~~J%+BbF+/.Xv$rkU
10:34:18.987 [scala-execution-context-global-16] INFO  HelperUtils.Parameters$ - iklQCL:*xZU\5l,iD-8RL~-T]aMY+fMk
10:34:28.460 [scala-execution-context-global-16] INFO  HelperUtils.Parameters$ - &F1gqt6-]."<<Ia1atdfY-A1H,}K.88I'D];BL
10:34:38.124 [scala-execution-context-global-16] INFO  HelperUtils.Parameters$ - 1yrUQw}><#Z?<]\4W[jZxm;I2hQ`95
10:34:47.169 [scala-execution-context-global-16] INFO  HelperUtils.Parameters$ - dbs*mRydt.8pUli:!F^93q+@*K0\5RvE+?9I>KtXCiF$%'{w#=2t}mCN
10:34:48.708 [scala-execution-context-global-16] INFO  HelperUtils.Parameters$ - #6?0j}*ciPz$3`z]Tm{IM}mg%2-:"r-Jz],L7a/F]?$EqFD_%(ltF#
10:34:52.036 [scala-execution-context-global-16] INFO  HelperUtils.Parameters$ - d.~<w=iARka8ucg1C8uI6fX5kM5qce3tkFHk%i(&ti_&
10:34:53.991 [scala-execution-context-global-16] INFO  HelperUtils.Parameters$ - pJ41%QUABq,+lTyl&4!!_9MSwBT=dXAFZ/
10:34:59.130 [scala-execution-context-global-16] WARN  HelperUtils.Parameters$ - M[#dVfa*~%tBHlk1vj&9":Xp|r3p3-Gx}V0`b(Z<7JI>'>pPyb
10:35:01.551 [scala-execution-context-global-16] DEBUG HelperUtils.Parameters$ - gqK^WW!ESa@YW^P+]{^s-'T+tj\zehe%@0hPi3xB_+(;_w]&Q)R)iU
10:35:10.801 [scala-execution-context-global-16] WARN  HelperUtils.Parameters$ - (;yY}z!|i=U=*88!IUc[p|dIGm@30+kWinR&m)2|XW%Z0*2=
10:35:15.032 [scala-execution-context-global-16] INFO  HelperUtils.Parameters$ - 6s#'Khuic4Zv+j.|Jz
10:35:22.155 [scala-execution-context-global-16] DEBUG HelperUtils.Parameters$ - 1ExXu'E,7(z@fg<N=_;+2IGzpvFwz1
10:35:26.714 [scala-execution-context-global-16] INFO  HelperUtils.Parameters$ - q,6/>}cB65&rmbTi`!])]Z
10:35:29.782 [scala-execution-context-global-16] INFO  HelperUtils.Parameters$ - YnXEl8PQ?sLm&F.Y
10:35:37.141 [scala-execution-context-global-16] WARN  HelperUtils.Parameters$ - P\B"gZAH}8lpVM%BtbGi{|E\2h/X2wpQ(t
10:35:46.533 [scala-execution-context-global-16] INFO  HelperUtils.Parameters$ - $+}OE_FE-=P1[/HHm6:VSb4:mn\RREOdh5Ujsc,z
10:35:51.467 [scala-execution-context-global-16] INFO  HelperUtils.Parameters$ - r-_[lk[N-vfxF2Qu>VSOjZKQ9;xRwfG{d{j1~(0I?32+ry4vx`rP{C0z}J'N
10:35:54.339 [scala-execution-context-global-16] INFO  HelperUtils.Parameters$ - &iU~/Ae":rnRy_G[PV{ep^S+tnGjJS_>tEu/o$4Y3&b?PQ'guO
10:35:59.828 [scala-execution-context-global-16] WARN  HelperUtils.Parameters$ - Fsq=:=b2"]zR#{\r0:|K9nB6nbg1ae2ag2H6oae0bg1cg0L7hV6scg0U7fY7vY9tVZ{'+r~H~jt0&Z"#;gc
10:36:08.011 [scala-execution-context-global-16] INFO  HelperUtils.Parameters$ - `kuOFUBB2Uz_~TL5'DH#"Q<L(s7fWS+6P$5)Uk
10:36:16.335 [scala-execution-context-global-16] WARN  HelperUtils.Parameters$ - ~1NL^+XOv!/jiabSK^m3[bcF?gwz<7oo]GKn]FYY5k38`xs/@67!M1m8
10:36:25.816 [scala-execution-context-global-16] INFO  HelperUtils.Parameters$ - 4kbS"!>ceuB.Ub>tBHK~,|!Al'}P_\1c
10:36:30.678 [scala-execution-context-global-16] WARN  HelperUtils.Parameters$ - dINTQ}|~lPPu-9VpSXY\
10:36:38.353 [scala-execution-context-global-16] INFO  HelperUtils.Parameters$ - [y`si\{P5gt:5ik9[MS+f"8c36<}"j~;gE:Rcd9{U)iYo\UX1|
10:36:40.675 [scala-execution-context-global-16] INFO  HelperUtils.Parameters$ - d[l!z]e^7PdSfd
10:36:48.750 [scala-execution-context-global-16] INFO  HelperUtils.Parameters$ - s{gI^)|Y!$sa
10:36:53.431 [scala-execution-context-global-16] INFO  HelperUtils.Parameters$ - +P]v}"h\W(,?^Oc#LG$~NjvE,rx4!Y{d~q*Tp@'89aR4kErLuWQD
10:36:57.308 [scala-execution-context-global-16] WARN  HelperUtils.Parameters$ - &oj^>:}?;Nu/I06bnya%+ju$r+ROAgCA@FaYB:o+g!RI3B
10:37:01.598 [scala-execution-context-global-16] INFO  HelperUtils.Parameters$ - nF^f8.Por|00f\V(<>q:$U@\ohoP5WkJi'tbO:w,
10:37:07.405 [scala-execution-context-global-16] INFO  HelperUtils.Parameters$ - r9cE0G=Cn9\Ex4xaGu90$hSA'*Vd
10:37:15.951 [scala-execution-context-global-16] DEBUG HelperUtils.Parameters$ - ]%N>i$4rOoh?#%;n8S)DFWY\U"JmIN
10:37:19.459 [scala-execution-context-global-16] INFO  HelperUtils.Parameters$ - 9_%3OVv?n&m~(b"(5Jl0\pw/K-'u6koG5;6#:uY2
10:37:24.136 [scala-execution-context-global-16] INFO  HelperUtils.Parameters$ - )D@ug%5o:*OAA08#mm%Dy(@7
10:37:27.230 [scala-execution-context-global-16] INFO  HelperUtils.Parameters$ - PA#!xU(2p2+%DQGz&-Y([Kz2A["Tmt*e_13|HON}Q*M\_4Is+8wSw4=J
10:37:34.636 [scala-execution-context-global-16] INFO  HelperUtils.Parameters$ - r}EDjh//v4X;1^cTCc+{:HBGuUYN%9w\P1#:yrYODhwSBMe'#l1)h=0:^ES+
10:37:35.795 [scala-execution-context-global-16] WARN  HelperUtils.Parameters$ - 4LeJT7k.I76;+y5i~xs'5kz#]hO$pg2fW<w3b,
10:37:40.146 [scala-execution-context-global-16] INFO  HelperUtils.Parameters$ - {d+?t@F[V%5FW1k>pS@yx-[l~\
10:37:44.535 [scala-execution-context-global-16] INFO  HelperUtils.Parameters$ - rMiVkD+G<u}RCs-n)"
10:37:45.712 [scala-execution-context-global-16] INFO  HelperUtils.Parameters$ - !c<,t>D`&FR-vVU-(@L4@H~TUiZH]g056Re)vTF/
10:37:55.342 [scala-execution-context-global-16] INFO  HelperUtils.Parameters$ - _Afcw9tcd*]|YZn9|]5"
10:37:59.029 [scala-execution-context-global-16] INFO  HelperUtils.Parameters$ - ka@$3$<X!g.c-=Wb+N9Uudx,
10:38:04.945 [scala-execution-context-global-16] INFO  HelperUtils.Parameters$ - pYq9IIcf2ce1ag0bg3L5tF7uQ6mG5oK5lcg2I8obg2N7mO9kae3Orumb]
10:38:07.998 [scala-execution-context-global-16] INFO  HelperUtils.Parameters$ - j'fNrQK0O?SYz?QQu/j?3/]x8A_({O?MGQu0Sd}9znG[8E
10:38:11.545 [scala-execution-context-global-16] INFO  HelperUtils.Parameters$ - *bM'\v%L94NZ%qsH@=EX
10:38:20.007 [scala-execution-context-global-16] INFO  HelperUtils.Parameters$ - yN=M:7w+?n<F`7<q%]8%)|zO2,y+`+;07<b,&a18
10:38:23.752 [scala-execution-context-global-16] INFO  HelperUtils.Parameters$ - ;6uth^BdgBi2Jn%YP.~Y!MgNb~464J/k>K/<"!mCJ_lk6[N;5#F~;<Lfj)
10:38:26.157 [scala-execution-context-global-16] INFO  HelperUtils.Parameters$ - 7dop.<0y(.-XK)?+4.8c#MMTjj@"Wz
10:38:30.722 [scala-execution-context-global-16] INFO  HelperUtils.Parameters$ - ZdY@3VhfvpIC\BGH_?0[tIIm>Y1VruqC48"}PRs`go1@2$yVB@
10:38:35.582 [scala-execution-context-global-16] WARN  HelperUtils.Parameters$ - eku6.<8WuMx~"Uk}
10:38:40.248 [scala-execution-context-global-16] INFO  HelperUtils.Parameters$ - ~5,_/ufk|&,sTAEw.L%oY<(f\6<EetMdZ+][
10:38:44.348 [scala-execution-context-global-16] INFO  HelperUtils.Parameters$ - >"!2t$F5]3LB[U;V&{c4B~F8Es"G}a
10:38:53.754 [scala-execution-context-global-16] WARN  HelperUtils.Parameters$ - 0{5&=h&]L;Fb0Wdr61dD,fBd/Ap^7,eIMpd+}cvI=G1JNJpnRE(>
10:39:00.313 [scala-execution-context-global-16] WARN  HelperUtils.Parameters$ - =ZSG\91Y\[)C11HmbpHu/~xUNs:6,7^rP5Y5S'O-}cpdTm
10:39:02.206 [scala-execution-context-global-16] DEBUG HelperUtils.Parameters$ - Di05:EZYarDIUz6Oc,g+d2eQJ|fU8hA5mY6sP5uce0ae12'h@Gca'IX.LuZtm1ZfyK&}IdD.
10:39:10.699 [scala-execution-context-global-16] INFO  HelperUtils.Parameters$ - p2>{.kFWj+,!~qkKJm
10:39:18.999 [scala-execution-context-global-16] INFO  HelperUtils.Parameters$ - Sq:!$Lg&O|z<{%z\m|+d0-?t*h*KUq
10:39:26.535 [scala-execution-context-global-16] INFO  HelperUtils.Parameters$ - l=RARZc5xk#Fuoz8Df+aaC:x'Ew@"!JC+6u2(U4+Y.Csg'
10:39:30.322 [scala-execution-context-global-16] INFO  HelperUtils.Parameters$ - ?,]CNsEM7l13Rqv-9jybo?g'R+~h;u\{!#
10:39:39.500 [scala-execution-context-global-16] INFO  HelperUtils.Parameters$ - zdc`9?sm#4N?$?IQ$`pB
10:39:42.484 [scala-execution-context-global-16] INFO  HelperUtils.Parameters$ - oJ-#f!vm@J(p+&('KEbm0'<Ln}[vaoW'CVtM+zAf\lX9
10:39:43.693 [scala-execution-context-global-16] INFO  HelperUtils.Parameters$ - >jzRC]![T*kMyzq''B'DfH/yOOYse8Af:}SLqc8eRPwM?E<02$
10:39:51.593 [scala-execution-context-global-16] WARN  HelperUtils.Parameters$ - d"aaC9m;4lxf5h/KN]E5'%Q%IZ(ZGh-/4P\s%:Z^Pn>HqabQEF
10:39:53.979 [scala-execution-context-global-16] WARN  HelperUtils.Parameters$ - x{xS+h}t70mne,wfs7#mzj+Fu4rZ"r=X[ItRLTq4)_8D>k.)
10:39:59.975 [scala-execution-context-global-16] ERROR HelperUtils.Parameters$ - sm%Al#:!U2C]6y)o9>CI_WQoV9W>/aW'cm-{qAeJ^#7n`2lz]Tnd
10:40:05.524 [scala-execution-context-global-16] WARN  HelperUtils.Parameters$ - cG?:4e^)}yY'+oHh'/vTx5<*kvX_fQ
10:40:11.453 [scala-execution-context-global-16] INFO  HelperUtils.Parameters$ - xwR@:U9A^%h{"a6l,RojyjS0'i?%L8<\,-K'a+$$SR$;-~F+[O~^[iBP|y
10:40:21.084 [scala-execution-context-global-16] INFO  HelperUtils.Parameters$ - sK(GoTdu.{Epi*:!a;0-c1H>X%VEP-
10:40:23.172 [scala-execution-context-global-16] WARN  HelperUtils.Parameters$ - 4pyZ2m(C@WBB28Qa/-h(xvd=
10:40:30.272 [scala-execution-context-global-16] WARN  HelperUtils.Parameters$ - |M85BMn:"si8Pr+V7m-WB{
10:40:32.444 [scala-execution-context-global-16] INFO  HelperUtils.Parameters$ - 1G4}d\P.feWiP]bT"ci#"Q+/q$h=TI*$~<{k&};(924-A:$?(b>I
10:40:38.624 [scala-execution-context-global-16] INFO  HelperUtils.Parameters$ - CCWvyHi28d#K.|w>}WtL=1%0_?Y{19fz+~f((&
10:40:41.507 [scala-execution-context-global-16] INFO  HelperUtils.Parameters$ - '*iG4A`{9=MV0:SUX/+x4V;4cN{#kwpF3}>.4.q9,H/:P9
10:40:45.874 [scala-execution-context-global-16] WARN  HelperUtils.Parameters$ - 'eWS]FQ]g-SO`y
10:40:54.868 [scala-execution-context-global-16] INFO  HelperUtils.Parameters$ - wdxaixeS(bZKaD16UWEYM}ON7F`H3ST}y[u.KjEVuiGUN]ST2FZcfieuC(
10:41:00.706 [scala-execution-context-global-16] INFO  HelperUtils.Parameters$ - ~dKR0%mRn^zN""ewt<Sc:;o_OJm*cKTzs,'aHWw8WF
10:41:03.416 [scala-execution-context-global-16] WARN  HelperUtils.Parameters$ - C$>yE[.~-wL$,TxM2R$=a~DhAEH^B#u3|[SdA6
10:41:13.337 [scala-execution-context-global-16] WARN  HelperUtils.Parameters$ - Vd\^0(Trfsu{b4BQE*15yX5S)x+$e*c2E6#qM!PAo&Bgc4<~qO[g
10:41:15.277 [scala-execution-context-global-16] INFO  HelperUtils.Parameters$ - \j#%vkbFMvd^~F,T
10:41:22.366 [scala-execution-context-global-16] DEBUG HelperUtils.Parameters$ - V-g2{7JXm)4oS0u{TA~:22!}FJT&.z+Z*nGY)rW!
10:41:28.516 [scala-execution-context-global-16] INFO  HelperUtils.Parameters$ - u0Fm1;fxb*hzl"Q`&!
10:41:31.652 [scala-execution-context-global-16] INFO  HelperUtils.Parameters$ - QE)|G+C8ne:wu,[DR8?-f?G@tU(~MghV'_:W?>
10:41:39.666 [scala-execution-context-global-16] INFO  HelperUtils.Parameters$ - 6]b~z`s%BN}S,t/ayKyg9qbxD}q4k\L*jD%V$C.vdN6]_H7*MV[5xG[ZG5<c
10:41:47.141 [scala-execution-context-global-16] WARN  HelperUtils.Parameters$ - hZ<7)dBs/OM,\O9by[*dw4`Hiyw}G+w;H&~AOF[>\CX(9Z+}Eg~Xbya^x1t8
10:41:52.078 [scala-execution-context-global-16] INFO  HelperUtils.Parameters$ - d_T9EshtG6M5
10:42:00.501 [scala-execution-context-global-16] INFO  HelperUtils.Parameters$ - eBshm><I".FU{,S=4U.zHOZ(
10:42:08.740 [scala-execution-context-global-16] INFO  HelperUtils.Parameters$ - `EYMy47gt9SVPGMat!;Q,xdY7^NxOoibg2%=
10:42:14.895 [scala-execution-context-global-16] INFO  HelperUtils.Parameters$ - ??yR9}Li'ixU{hm7Vb\siV@.G2[PD591
10:42:24.180 [scala-execution-context-global-16] INFO  HelperUtils.Parameters$ - {81CQe%p;Y7+
10:42:30.991 [scala-execution-context-global-16] INFO  HelperUtils.Parameters$ - [2rp02\ZTjqb84
10:42:37.120 [scala-execution-context-global-16] INFO  HelperUtils.Parameters$ - SP*'V0@N%rwh@h[H[`olC&Vh,?7+n,s2l%[)
10:42:43.726 [scala-execution-context-global-16] DEBUG HelperUtils.Parameters$ - RH?T|2%'GPy1KrqTih
10:42:50.806 [scala-execution-context-global-16] INFO  HelperUtils.Parameters$ - .l$@D7.*G6Z'eOnC[P(lCOLe?w
10:42:58.305 [scala-execution-context-global-16] INFO  HelperUtils.Parameters$ - BY&b{uBi3cf1I6sR7nB5hB7r(%(h!Fk)D
10:43:02.543 [scala-execution-context-global-16] WARN  HelperUtils.Parameters$ - VfZt7n*`dU2G
10:43:04.001 [scala-execution-context-global-16] INFO  HelperUtils.Parameters$ - "Lf%L,q\mlz?XYgXus
10:43:08.583 [scala-execution-context-global-16] DEBUG HelperUtils.Parameters$ - .Ev-KZ8IwpWoG*SFl+~_^/4x\fI_zDdt@":$a8D8lcG7JG[`*~lvCdp^ICZ<
10:43:13.235 [scala-execution-context-global-16] INFO  HelperUtils.Parameters$ - YwgfyzV3W@nt\K7IVn}kWF3l]uJ$2]hz\x.s,-HElRg@knWk\Nd.
10:43:21.292 [scala-execution-context-global-16] INFO  HelperUtils.Parameters$ - -Wav,5+EYCFs+K2<-(<qQOSW#!-D>I@KDoom%iqT_8k2J=imJ{UKTH
10:43:29.592 [scala-execution-context-global-16] INFO  HelperUtils.Parameters$ - [E}k'<`SOE"T*ovAawnyIV<Q4BE@c>Ao}o
10:43:35.317 [main] INFO  GenerateLogData$ - Log data generation has completed within the allocated time, 20 minutes
