20:06:14.554 [sbt-bg-threads-1] INFO  GenerateLogData$ - Log data generator started...
20:06:14.838 [sbt-bg-threads-1] WARN  HelperUtils.Parameters$ - Max count 100 is used to create records instead of timeouts
20:06:17.199 [scala-execution-context-global-96] WARN  HelperUtils.Parameters$ - s%]s,+2k|D}K7b/XCwG&@7HDPR8z
20:06:24.051 [scala-execution-context-global-96] INFO  HelperUtils.Parameters$ - ;kNI&V%v<c#eSDK@lPY(
20:06:27.444 [scala-execution-context-global-96] INFO  HelperUtils.Parameters$ - l9]|92!uHUQ/IVcz~(;.Uz%K*5jTUd08
20:06:34.664 [scala-execution-context-global-96] INFO  HelperUtils.Parameters$ - G3sw7^U<^q^Cl!aMTDbNz<:$;?e<.0JD_'
20:06:38.053 [scala-execution-context-global-96] WARN  HelperUtils.Parameters$ - A><YFqpg+~"E1T
20:06:46.477 [scala-execution-context-global-96] DEBUG HelperUtils.Parameters$ - JrQB;P0"&+6;&Dk-
20:06:49.302 [scala-execution-context-global-96] INFO  HelperUtils.Parameters$ - OsI1`qAeU5H;\+
20:06:50.845 [scala-execution-context-global-96] INFO  HelperUtils.Parameters$ - [h!Q9PEY>L(NpKLBO"Gjo:=4kRXQ_tZ!
20:06:57.585 [scala-execution-context-global-96] INFO  HelperUtils.Parameters$ - B?y&C"C5rsb:2037;f&|vM#x?z|Ny|&<44Z8B&rF1#&M
20:07:05.535 [scala-execution-context-global-96] WARN  HelperUtils.Parameters$ - x2oBSI0/\%CdfV2%ChSsnZ7vJo=2qJqZ%."kbc!0ne`y&m
20:07:07.490 [scala-execution-context-global-96] ERROR HelperUtils.Parameters$ - ihu}!A2]*07}|,lc
20:07:13.753 [scala-execution-context-global-96] INFO  HelperUtils.Parameters$ - CC]>~R#,^#0JWyESarZdETDcvk)Yk'I?
20:07:19.031 [scala-execution-context-global-96] WARN  HelperUtils.Parameters$ - Swq;g+6M:?820=Gmd#.p)sFaqoKc^mm](.A8Z-4-].tp|cfR\~rc(m^{
20:07:20.662 [scala-execution-context-global-96] INFO  HelperUtils.Parameters$ - zXK=Fze%-6Iv-^q{zhG|EUzvd);tOj-:
20:07:27.623 [scala-execution-context-global-96] INFO  HelperUtils.Parameters$ - ^<A>61@{3[KEk@M/Xh-q%sco3Dkwq~
20:07:36.226 [scala-execution-context-global-96] WARN  HelperUtils.Parameters$ - Bv^B8Re'$VG)[P".g*?f<G\l5n.18B|i<E&rgPQZ;wBeA{4O/fy+Pp
20:07:40.695 [scala-execution-context-global-96] WARN  HelperUtils.Parameters$ - k1H+R#/%d0>Q>N:6\enT]U
20:07:42.880 [scala-execution-context-global-96] INFO  HelperUtils.Parameters$ - 8G;,3m_T`G#H]&Yh:Ei1%fp''5`bf1P5qbe2Q5lcg2R5iY9qag0ae1be1%<Bqz8fMm#{JWqMdoc_2N/|wf8]
20:07:47.414 [scala-execution-context-global-96] DEBUG HelperUtils.Parameters$ - @+(!!`a>\Ke|{:4Ve`{a^xAl{Fb(F=_i
20:07:49.920 [scala-execution-context-global-96] WARN  HelperUtils.Parameters$ - CQ2(]pQ2]?nH
20:07:57.128 [scala-execution-context-global-96] INFO  HelperUtils.Parameters$ - 934r[);,9k(ZmF]~Gm3W*%FTlMZD`wVpOzr;Wk%QJo|>6}J5$&!7#9a\8k
20:08:01.795 [scala-execution-context-global-96] DEBUG HelperUtils.Parameters$ - `*5578`dqepf%e^0Vmjt9jhUxCUs}~z8LGpxCz5Q
20:08:10.815 [scala-execution-context-global-96] INFO  HelperUtils.Parameters$ - ft2?[w%+FY.c)Y^2-fK#-dFQ){
20:08:18.456 [scala-execution-context-global-96] INFO  HelperUtils.Parameters$ - 0:b([-]s\wxYyH{qF^!LApMc~|,&<!I7nC7tB5fbe1P7wE9rcf3ag0cf0K6iOxgG(3yNj-"J0Vc|3^_64V}$.E#aIA
20:08:19.955 [scala-execution-context-global-96] INFO  HelperUtils.Parameters$ - 9u/26)oC=tgX0vH=5'SA[/SG=V"Kaikr.qo_8G=0]}>+LS$CY1
20:08:22.997 [scala-execution-context-global-96] INFO  HelperUtils.Parameters$ - z";`^=qYdCo[)&qgXh8L)Ii]=rg88*]:?39HFRTFdH2y4"z_MlG+[x;k
20:08:24.931 [scala-execution-context-global-96] WARN  HelperUtils.Parameters$ - r]+?ndDyPkm/'Y:b}~75t~HJSAHxlGg@I&+Dn;4*b[wA~g)9/9
20:08:31.838 [scala-execution-context-global-96] INFO  HelperUtils.Parameters$ - e4PgN?2"Q"g)G,Z<t>/,GS;%u}<<^zFbN"BMLeY+
20:08:37.495 [scala-execution-context-global-96] INFO  HelperUtils.Parameters$ - 8lqCy6ptgEJ`BstoINf^9`4"
20:08:46.711 [scala-execution-context-global-96] WARN  HelperUtils.Parameters$ - gtyjLLGOhR/BT`3Na9
20:08:51.676 [scala-execution-context-global-96] ERROR HelperUtils.Parameters$ - (QJJoIE0VuR3IX>kJvPG8kcf2af3ce3F8gcf0A5hbg26;oGV`B`BC}*;W:MdKY
20:08:57.135 [scala-execution-context-global-96] WARN  HelperUtils.Parameters$ - A}BlZf(A7|O*k6@-BRmJ^_
20:09:03.263 [scala-execution-context-global-96] WARN  HelperUtils.Parameters$ - g)&=)U*,e"hV;hLYhq1H2~wR>!:Fj[b2
20:09:07.246 [scala-execution-context-global-96] INFO  HelperUtils.Parameters$ - !KCO)m_O}=}'EsyK%P3u@V~p!:[;\rix@p1enTdD
20:09:13.317 [scala-execution-context-global-96] INFO  HelperUtils.Parameters$ - 2aDHyoy{o%U3JMIT
20:09:21.245 [scala-execution-context-global-96] INFO  HelperUtils.Parameters$ - )Pedo4XC`G'8w@=K+06D3u42B/j^AP,5
20:09:26.158 [scala-execution-context-global-96] WARN  HelperUtils.Parameters$ - >D|hQwce1K6sag2E8pQ7qae01?A|\D
20:09:32.388 [scala-execution-context-global-96] WARN  HelperUtils.Parameters$ - t+CU*Q{ngx2NW%#H3)S4S"g"=<y=xzp:T!Q/#W
20:09:40.040 [scala-execution-context-global-96] DEBUG HelperUtils.Parameters$ - :v155_Bl3dh:f{K8^Ow]"s$H"*|]M+P&p'o|8Md(rJ
20:09:43.966 [scala-execution-context-global-96] INFO  HelperUtils.Parameters$ - yMt{UD<PVet&[[FE+ML,KwZWSZae1be0cf1cf0ag39Yh5+bZDeWM/uwM`"161|z5<LI
20:09:53.524 [scala-execution-context-global-96] WARN  HelperUtils.Parameters$ - F{!@.h,_&4-!_qKOoWpE_]XZ7eZy0pc5|"=+
20:09:59.978 [scala-execution-context-global-96] INFO  HelperUtils.Parameters$ - :^*{"y5bRDT/kqY8sX8vY7tcg1A9fbg0Y7tJ7oI8wae1bf3bf0ag3be1F8k]]/pq'1>~K1A]g
20:10:03.435 [scala-execution-context-global-96] INFO  HelperUtils.Parameters$ - Jg3abljtR|sM%sA`jGX=w]ae-^FH0KSp
20:10:10.247 [scala-execution-context-global-96] INFO  HelperUtils.Parameters$ - +(]|>$17Z=,:PlufOV),W_gkDD
20:10:14.089 [scala-execution-context-global-96] DEBUG HelperUtils.Parameters$ - =2d"'r$g,lN_pQrii<Yi_(_'|2TM!'"n|c"#
20:10:15.267 [scala-execution-context-global-96] WARN  HelperUtils.Parameters$ - !)N#o!-P`cf2be1be3E8fJ5po<!m`E{v4
20:10:19.490 [scala-execution-context-global-96] INFO  HelperUtils.Parameters$ - ro-z$Q8'UICg~gOKFj
20:10:23.284 [scala-execution-context-global-96] INFO  HelperUtils.Parameters$ - 3RoTUL~'$t!m^EtLulUKcOtBF's/j|
20:10:31.125 [scala-execution-context-global-96] INFO  HelperUtils.Parameters$ - &4,,4Tnk.#W@-zH\oat%cL+;xAOn%kI~-l
20:10:36.879 [scala-execution-context-global-96] INFO  HelperUtils.Parameters$ - *pbE!L@}.T3_w&2[2MJ/X-j~hdDD4@
20:10:39.271 [scala-execution-context-global-96] INFO  HelperUtils.Parameters$ - ]H}"6i-EbXC'
20:10:47.824 [scala-execution-context-global-96] INFO  HelperUtils.Parameters$ - I1N\IQ>:-2gx//{u7{2M
20:10:55.360 [scala-execution-context-global-96] INFO  HelperUtils.Parameters$ - nvwYeS`z!1-H~V
20:10:56.899 [scala-execution-context-global-96] INFO  HelperUtils.Parameters$ - ?<0U}u$j;tsK4Q{e&w2an,u."yK]_Q}Z0Ee0
20:10:59.318 [scala-execution-context-global-96] WARN  HelperUtils.Parameters$ - P*;1"-x>FV1H"@%PE);MEG[,ejbb%_]xFED6Y@Dd_Av0#/SqED=Xe66+Aog|
20:11:01.447 [scala-execution-context-global-96] WARN  HelperUtils.Parameters$ - @@;e9"w~}f\6l3=N=yia#fT'S/`@~XGN0F[Dtl,\WE0(0djD\~
20:11:11.064 [scala-execution-context-global-96] INFO  HelperUtils.Parameters$ - .0Q98ORHv_=<x%:Z,)?Q.Y']MXbdbF.M|x6BRY#O]"N&a7d7#GQrrZC*:PN^
20:11:17.475 [scala-execution-context-global-96] INFO  HelperUtils.Parameters$ - u$?;3>Q5PqgyDK}e8!*`^0"{QEo1RO2l|<z/a)%`U?+F
20:11:24.366 [scala-execution-context-global-96] WARN  HelperUtils.Parameters$ - \[YNdRss3kb~EkM/wd5LgZcf1B7mX8oV9fag0bg2ae3e5C}OxdES2738p/}OTq,5H
20:11:26.553 [scala-execution-context-global-96] WARN  HelperUtils.Parameters$ - g>2+9Ymxtb8e?53E=521wU<MJQo3,y2SvIR3?`VyWZ
20:11:30.351 [scala-execution-context-global-96] INFO  HelperUtils.Parameters$ - vM4|^JHYphel"e${@m#9-B|]W^
20:11:32.035 [scala-execution-context-global-96] INFO  HelperUtils.Parameters$ - NLEd,dx{].:&2$2R]Y9~G?j`{EsIR~}%'WZ5j"wGVB$z7\d&l1H0K8a^t#
20:11:36.825 [scala-execution-context-global-96] INFO  HelperUtils.Parameters$ - 8OoE]I'i[@n}SHgwr6e[c}14b#0we=#<]QvfYxq&yN>`s.9?
20:11:44.121 [scala-execution-context-global-96] DEBUG HelperUtils.Parameters$ - N7L>/_2[C_b6n1R[~3UQIWQss2'Xe3lb%Gg7lo
20:11:45.151 [scala-execution-context-global-96] INFO  HelperUtils.Parameters$ - K&B&QxZwl$+E`S0J#J`ALo=Oi3vZY@OjGdDlxR{Fc!WCtZy9
20:11:48.972 [scala-execution-context-global-96] INFO  HelperUtils.Parameters$ - sx;?tcHSu<1y)lhO
20:11:57.027 [scala-execution-context-global-96] INFO  HelperUtils.Parameters$ - 3jKh5p0R/<sr3GxZ'|V<~?)"=50]_T3R{D
20:12:04.194 [scala-execution-context-global-96] INFO  HelperUtils.Parameters$ - +cY#n~.x,"Ca?&8:C;y3"D`vIbQo=UE_Vz|/kj
20:12:12.170 [scala-execution-context-global-96] INFO  HelperUtils.Parameters$ - -3*'sLiR$#^|\YI/4I1N49X3<!z"}Qe`;{)7NRFG]2z3234$B=
20:12:17.371 [scala-execution-context-global-96] INFO  HelperUtils.Parameters$ - r>&~Gmd5x1xP-l&bw|=.bU/Lvae1B7rO6pbf0P5s)k"Y'Bvt!*j_S\bi5Sa";r8wK
20:12:23.936 [scala-execution-context-global-96] WARN  HelperUtils.Parameters$ - wb0{H3Y~;]zbjIhyJafn*_:>Q9CwCT~{BUBu2HuQb1':zGS_z$Mp)dgfA/
20:12:30.218 [scala-execution-context-global-96] INFO  HelperUtils.Parameters$ - t\{4q}8j?L%*B}exgCI5lX7ubg2ae1C7kM9gX5o_|;7%NF2j>6J(-JM3,
20:12:37.864 [scala-execution-context-global-96] WARN  HelperUtils.Parameters$ - `1Q3M[@*=p\vSzBs0<d#ugPq;[%_"/zcd^ne
20:12:42.719 [scala-execution-context-global-96] INFO  HelperUtils.Parameters$ - U^/27xYpQ7H!
20:12:50.027 [scala-execution-context-global-96] INFO  HelperUtils.Parameters$ - \`4Stf+@Bqsb13LR("kIf9ZQtcB#?){XrLwHjXQ`wg8Z1EKwH)
20:12:57.454 [scala-execution-context-global-96] INFO  HelperUtils.Parameters$ - 5r$2=6XV];iK_in?~5.;FbPx;8:1/%/t3,%7,lTn8{U#j6
20:13:02.224 [scala-execution-context-global-96] INFO  HelperUtils.Parameters$ - X#eOGstu"%y[{x/s"/8'&w-c0Xq"2_SN',?ZS[u!AK[0
20:13:04.372 [scala-execution-context-global-96] WARN  HelperUtils.Parameters$ - OVwlLDyNQp@~jAx]`#>h:R;yz7%(i2#Be7}{It=X
20:13:11.148 [scala-execution-context-global-96] INFO  HelperUtils.Parameters$ - Oyj-<G%I=~TzUQt,<iuv6xR)6ms?*s_[D.dD/b+D5+w2d@k&tl9dkc},C;
20:13:16.104 [scala-execution-context-global-96] INFO  HelperUtils.Parameters$ - k;H{ChtwDOep^&bYA_fr>,}FOV3P7kcf3cf0J8mW8ibg0YO%umh#wXSgE5m)[u5?5FI'By_'
20:13:23.473 [scala-execution-context-global-96] INFO  HelperUtils.Parameters$ - E"8O$.n1RcFX.4Nl%02%aoERCj(mZ?R=lU[tg%X4._A*
20:13:32.295 [scala-execution-context-global-96] INFO  HelperUtils.Parameters$ - +vy}{`B:ooC"AngkVuVkbHl#Z@IkMv`^.#Fn87`X[(]p}d'dRvg9Vi-W
20:13:37.437 [scala-execution-context-global-96] WARN  HelperUtils.Parameters$ - S%0Q0*o_=4{HXwZld.x+lhVxV'h2,21!i6fLj>r_P-A&^'71,j*x-oq?=b
20:13:46.277 [scala-execution-context-global-96] INFO  HelperUtils.Parameters$ - 9856ijHWmb"<o,d%!2-8`K7e9:&D
20:13:53.097 [scala-execution-context-global-96] WARN  HelperUtils.Parameters$ - m0Co&N3n}Qv4<vjp3xd{Jmi3_pu.460)PJ%>{N,~8'e8Z(
20:13:54.239 [scala-execution-context-global-96] WARN  HelperUtils.Parameters$ - g+9C|QIM0*n68tTqGB5gaf2W5saf3bg0Q5jbg3u?^}x.t~{[-MN-q+}
20:13:59.720 [scala-execution-context-global-96] INFO  HelperUtils.Parameters$ - 15x"o*J<oH,,-2\aba4EvavJ*Z{8We<NIo=dl`X@<a0?Lyh(gM6D[#:R
20:14:02.869 [scala-execution-context-global-96] INFO  HelperUtils.Parameters$ - 0x&>s^0U.$'B
20:14:08.757 [scala-execution-context-global-96] INFO  HelperUtils.Parameters$ - PE+=-#)~v?8~wmxZz;tr9#,SP3j6Waz%GF
20:14:12.718 [scala-execution-context-global-96] INFO  HelperUtils.Parameters$ - /^F!Ee4Gk4$@}S
20:14:21.885 [scala-execution-context-global-96] INFO  HelperUtils.Parameters$ - {Va\#LXGsWr>K45wQ>_$C9+qhmp{X9sxI.a~J!~:F|0'D(
20:14:28.753 [scala-execution-context-global-96] INFO  HelperUtils.Parameters$ - ^og2){.uL,_S
20:14:37.997 [scala-execution-context-global-96] INFO  HelperUtils.Parameters$ - okhX*Z'!P#$iINuY%(<t>a/q
20:14:45.052 [scala-execution-context-global-96] INFO  HelperUtils.Parameters$ - /!>jjai\{p-ZFPH0[8d]^UxEF1YWbBzwCVgS1XR?S*sRb-g22I=W
20:14:46.177 [scala-execution-context-global-96] WARN  HelperUtils.Parameters$ - ^W;-43r!2B%\/$dlD4UPe^'/zSt(<%mORRQ+7@5o@+u"x:WJ$tIesXxRvl
20:14:48.962 [scala-execution-context-global-96] WARN  HelperUtils.Parameters$ - DYJWgScMuMs2k~kr$7+E6tR7wbe3J5rK8fO%7$_-VS:(B6,>1@8ko
20:14:57.705 [scala-execution-context-global-96] INFO  HelperUtils.Parameters$ - 0S3vj6(;$FJ:l*9p+SBp~xsGz:w"L;Z)Lx$/Ii)^^d<ZIO
20:15:07.422 [scala-execution-context-global-96] INFO  HelperUtils.Parameters$ - o"CJU$4i!Z+bB9YF?x5!
20:15:09.527 [scala-execution-context-global-96] DEBUG HelperUtils.Parameters$ - ~fAEXCB{zj9Y
20:15:10.632 [scala-execution-context-global-96] INFO  HelperUtils.Parameters$ - P\cr,(t)h#$;)U{Sn7E-sv46Xo}#usT!1F5u
20:15:10.632 [sbt-bg-threads-1] INFO  GenerateLogData$ - Log data generation has completed after generating 100 records.
