13:56:09.929 [sbt-bg-threads-1] INFO  GenerateLogData$ - Log data generator started...
13:56:15.935 [scala-execution-context-global-96] WARN  HelperUtils.Parameters$ - s%]s,+2k|D}K7b/XCwG&@7HDPR8z
13:56:18.508 [scala-execution-context-global-96] INFO  HelperUtils.Parameters$ - ;kNI&V%v<c#eSDK@lPY(
13:56:27.147 [scala-execution-context-global-96] INFO  HelperUtils.Parameters$ - l9]|92!uHUQ/IVcz~(;.Uz%K*5jTUd08
13:56:30.457 [scala-execution-context-global-96] INFO  HelperUtils.Parameters$ - G3sw7^U<^q^Cl!aMTDbNz<:$;?e<.0JD_'
13:56:35.164 [scala-execution-context-global-96] WARN  HelperUtils.Parameters$ - A><YFqpg+~"E1T
13:56:41.932 [scala-execution-context-global-96] DEBUG HelperUtils.Parameters$ - JrQB;P0"&+6;&Dk-
13:56:51.324 [scala-execution-context-global-96] INFO  HelperUtils.Parameters$ - OsI1`qAeU5H;\+
13:56:53.300 [scala-execution-context-global-96] INFO  HelperUtils.Parameters$ - [h!Q9PEY>L(NpKLBO"Gjo:=4kRXQ_tZ!
13:57:02.212 [scala-execution-context-global-96] INFO  HelperUtils.Parameters$ - B?y&C"C5rsb:2037;f&|vM#x?z|Ny|&<44Z8B&rF1#&M
13:57:07.074 [scala-execution-context-global-96] WARN  HelperUtils.Parameters$ - x2oBSI0/\%CdfV2%ChSsnZ7vJo=2qJqZ%."kbc!0ne`y&m
13:57:10.190 [sbt-bg-threads-1] INFO  GenerateLogData$ - Log data generation has completed within the allocated time, 1 minute
14:02:29.415 [sbt-bg-threads-1] INFO  GenerateLogData$ - Log data generator started...
14:02:32.835 [scala-execution-context-global-95] WARN  HelperUtils.Parameters$ - s%]s,+2k|D}K7b/XCwG&@7HDPR8z
14:02:35.889 [scala-execution-context-global-95] INFO  HelperUtils.Parameters$ - ;kNI&V%v<c#eSDK@lPY(
14:02:44.859 [scala-execution-context-global-95] INFO  HelperUtils.Parameters$ - l9]|92!uHUQ/IVcz~(;.Uz%K*5jTUd08
14:02:52.596 [scala-execution-context-global-95] INFO  HelperUtils.Parameters$ - G3sw7^U<^q^Cl!aMTDbNz<:$;?e<.0JD_'
14:03:01.149 [scala-execution-context-global-95] WARN  HelperUtils.Parameters$ - A><YFqpg+~"E1T
14:03:02.532 [scala-execution-context-global-95] DEBUG HelperUtils.Parameters$ - JrQB;P0"&+6;&Dk-
14:03:11.593 [scala-execution-context-global-95] INFO  HelperUtils.Parameters$ - OsI1`qAeU5H;\+
14:03:14.039 [scala-execution-context-global-95] INFO  HelperUtils.Parameters$ - [h!Q9PEY>L(NpKLBO"Gjo:=4kRXQ_tZ!
14:03:20.505 [scala-execution-context-global-95] INFO  HelperUtils.Parameters$ - B?y&C"C5rsb:2037;f&|vM#x?z|Ny|&<44Z8B&rF1#&M
14:03:23.087 [scala-execution-context-global-95] WARN  HelperUtils.Parameters$ - x2oBSI0/\%CdfV2%ChSsnZ7vJo=2qJqZ%."kbc!0ne`y&m
14:03:32.785 [scala-execution-context-global-95] ERROR HelperUtils.Parameters$ - ihu}!A2]*07}|,lc
14:03:37.139 [scala-execution-context-global-95] INFO  HelperUtils.Parameters$ - CC]>~R#,^#0JWyESarZdETDcvk)Yk'I?
14:03:46.989 [scala-execution-context-global-95] WARN  HelperUtils.Parameters$ - Swq;g+6M:?820=Gmd#.p)sFaqoKc^mm](.A8Z-4-].tp|cfR\~rc(m^{
14:03:49.419 [scala-execution-context-global-95] INFO  HelperUtils.Parameters$ - zXK=Fze%-6Iv-^q{zhG|EUzvd);tOj-:
14:03:58.704 [scala-execution-context-global-95] INFO  HelperUtils.Parameters$ - ^<A>61@{3[KEk@M/Xh-q%sco3Dkwq~
14:04:01.039 [scala-execution-context-global-95] WARN  HelperUtils.Parameters$ - Bv^B8Re'$VG)[P".g*?f<G\l5n.18B|i<E&rgPQZ;wBeA{4O/fy+Pp
14:04:09.446 [scala-execution-context-global-95] WARN  HelperUtils.Parameters$ - k1H+R#/%d0>Q>N:6\enT]U
14:04:10.859 [scala-execution-context-global-95] INFO  HelperUtils.Parameters$ - 8G;,3m_T`G#H]&Yh:Ei1%fp''5`Q6jaf0X5tcf1I8gZ6rB8lJ8l%<Bqz8fMm#{JWqMdoc_2N/|wf8]
14:04:13.065 [scala-execution-context-global-95] DEBUG HelperUtils.Parameters$ - oU_%?+t,B1:\}3=T=:#x2:kK}8G(27f/'G|Bt?Fk]_it.VZ!TB}@F84.
14:04:16.776 [scala-execution-context-global-95] WARN  HelperUtils.Parameters$ - <EFH$,{!3Y];!6W{VrXOJT;(
14:04:24.634 [scala-execution-context-global-95] INFO  HelperUtils.Parameters$ - Omnh7jwD}E'X%[
14:04:29.652 [sbt-bg-threads-1] INFO  GenerateLogData$ - Log data generation has completed within the allocated time, 2 minutes
